<?xml version="1.0" encoding="UTF-8"?>
<!-- Generated by org.testng.reporters.JUnitXMLReporter -->
<testsuite hostname="da3a2d454014" ignored="0" name="book-flght-2" tests="5" failures="0" timestamp="2019-11-04T21:42:34 GMT" time="9.153" errors="0">
  <testcase name="@BeforeTest setupParameters" time="0.02" classname="com.newtours.tests.BookFlightTest">
    <failure type="java.lang.IllegalStateException" message="The driver executable does not exist: /Library/browsers/chromedriver">
      <![CDATA[java.lang.IllegalStateException: The driver executable does not exist: /Library/browsers/chromedriver
at com.google.common.base.Preconditions.checkState(Preconditions.java:585)
at org.openqa.selenium.remote.service.DriverService.checkExecutable(DriverService.java:146)
at org.openqa.selenium.remote.service.DriverService.findExecutable(DriverService.java:141)
at org.openqa.selenium.chrome.ChromeDriverService.access$000(ChromeDriverService.java:35)
at org.openqa.selenium.chrome.ChromeDriverService$Builder.findDefaultExecutable(ChromeDriverService.java:159)
at org.openqa.selenium.remote.service.DriverService$Builder.build(DriverService.java:355)
at org.openqa.selenium.chrome.ChromeDriverService.createDefaultService(ChromeDriverService.java:94)
at org.openqa.selenium.chrome.ChromeDriver.<init>(ChromeDriver.java:123)
at com.newtours.tests.BookFlightTest.setupParameters(BookFlightTest.java:22)
at java.util.concurrent.FutureTask.run(FutureTask.java:266)
at java.util.concurrent.ThreadPoolExecutor.runWorker(ThreadPoolExecutor.java:1149)
at java.util.concurrent.ThreadPoolExecutor$Worker.run(ThreadPoolExecutor.java:624)
at java.lang.Thread.run(Thread.java:748)
... Removed 15 stack frames]]>
    </failure>
  </testcase> <!-- @BeforeTest setupParameters -->
  <testcase name="@AfterTest closeDriver" time="-1.572903754727E9" classname="com.tests.BaseTest">
    <skipped/>
  </testcase> <!-- @AfterTest closeDriver -->
  <testcase name="registrationPageTest" time="0.0" classname="com.newtours.tests.BookFlightTest">
    <skipped/>
  </testcase> <!-- registrationPageTest -->
  <testcase name="registrationConfirmationTest" time="0.0" classname="com.newtours.tests.BookFlightTest">
    <skipped/>
  </testcase> <!-- registrationConfirmationTest -->
  <testcase name="flightDetailsPageTest" time="0.0" classname="com.newtours.tests.BookFlightTest">
    <skipped/>
  </testcase> <!-- flightDetailsPageTest -->
  <testcase name="findFlightPageTest" time="0.0" classname="com.newtours.tests.BookFlightTest">
    <skipped/>
  </testcase> <!-- findFlightPageTest -->
  <testcase name="flightConfirmationPageTest" time="0.0" classname="com.newtours.tests.BookFlightTest">
    <skipped/>
  </testcase> <!-- flightConfirmationPageTest -->
</testsuite> <!-- book-flght-2 -->
